2023-05-18 12:15:11.615 [info] [Info  - 12:15:11 PM] (63988) Pylance language server 2023.5.30 (pyright e1b6074b) starting
2023-05-18 12:15:11.615 [info] [Info  - 12:15:11 PM] (63988) Server root directory: /home/alex/.vscode/extensions/ms-python.vscode-pylance-2023.5.30/dist
2023-05-18 12:15:11.615 [info] [Info  - 12:15:11 PM] (63988) Starting service instance "opengl_demo"
2023-05-18 12:15:11.640 [info] [Info  - 12:15:11 PM] (63988) Setting pythonPath for service "opengl_demo": "/bin/python3"
2023-05-18 12:15:11.642 [info] [Warn  - 12:15:11 PM] (63988) stubPath /media/alex/74BE029ABE025550/dev/python/opengl_demo/typings is not a valid directory.
2023-05-18 12:15:11.660 [info] [Info  - 12:15:11 PM] (63988) Assuming Python version 3.10
2023-05-18 12:15:11.707 [info] [Info  - 12:15:11 PM] (63988) Found 1 source file
2023-05-18 12:15:11.900 [info] [Info  - 12:15:11 PM] (63988) Background analysis(1) root directory: /home/alex/.vscode/extensions/ms-python.vscode-pylance-2023.5.30/dist
2023-05-18 12:15:11.901 [info] [Info  - 12:15:11 PM] (63988) Background analysis(1) started
2023-05-18 12:15:11.997 [info] [Info  - 12:15:11 PM] (63988) Indexer background runner(2) root directory: /home/alex/.vscode/extensions/ms-python.vscode-pylance-2023.5.30/dist (index)
2023-05-18 12:15:11.997 [info] [Info  - 12:15:11 PM] (63988) Indexing(2) started
2023-05-18 12:15:12.352 [info] [Info  - 12:15:12 PM] (63988) scanned(2) 327 files over 1 exec env
2023-05-18 12:15:14.419 [info] [Info  - 12:15:14 PM] (63988) [IDX(2)] Long operation: index execution environment /media/alex/74BE029ABE025550/dev/python/opengl_demo (2023ms)
2023-05-18 12:15:14.423 [info] [Info  - 12:15:14 PM] (63988) [IDX(2)] Long operation: index packages /media/alex/74BE029ABE025550/dev/python/opengl_demo (2029ms)
2023-05-18 12:15:14.423 [info] [Info  - 12:15:14 PM] (63988) indexed(2) 231 files over 1 exec env
2023-05-18 12:15:14.438 [info] [Info  - 12:15:14 PM] (63988) Indexing finished(2).
2023-05-18 12:15:59.456 [info] [Info  - 12:15:59 PM] (63988) Setting pythonPath for service "opengl_demo": "/bin/python3"
2023-05-18 12:15:59.457 [info] [Warn  - 12:15:59 PM] (63988) stubPath /media/alex/74BE029ABE025550/dev/python/opengl_demo/typings is not a valid directory.
2023-05-18 12:15:59.475 [info] [Info  - 12:15:59 PM] (63988) Assuming Python version 3.10
2023-05-18 12:15:59.513 [info] [Info  - 12:15:59 PM] (63988) Found 1 source file
2023-05-18 12:15:59.788 [info] [Info  - 12:15:59 PM] (63988) Indexer background runner(3) root directory: /home/alex/.vscode/extensions/ms-python.vscode-pylance-2023.5.30/dist (index)
2023-05-18 12:15:59.788 [info] [Info  - 12:15:59 PM] (63988) Indexing(3) started
2023-05-18 12:16:00.025 [info] [Info  - 12:16:00 PM] (63988) scanned(3) 327 files over 1 exec env
2023-05-18 12:16:01.979 [info] [Info  - 12:16:01 PM] (63988) indexed(3) 231 files over 1 exec env
2023-05-18 12:16:01.995 [info] [Info  - 12:16:01 PM] (63988) Indexing finished(3).
2023-05-18 12:18:14.272 [info] [Info  - 12:18:14 PM] (63988) Indexer background runner(4) root directory: /home/alex/.vscode/extensions/ms-python.vscode-pylance-2023.5.30/dist (refresh)
2023-05-18 12:18:14.272 [info] [Info  - 12:18:14 PM] (63988) Indexing(4) started
2023-05-18 12:18:14.577 [info] [Info  - 12:18:14 PM] (63988) scanned(4) 328 files over 1 exec env
2023-05-18 12:18:16.496 [info] [Info  - 12:18:16 PM] (63988) indexed(4) 232 files over 1 exec env
2023-05-18 12:18:16.511 [info] [Info  - 12:18:16 PM] (63988) Indexing finished(4).
2023-05-18 12:18:22.290 [info] [Info  - 12:18:22 PM] (63988) Indexer background runner(5) root directory: /home/alex/.vscode/extensions/ms-python.vscode-pylance-2023.5.30/dist (refresh)
2023-05-18 12:18:22.290 [info] [Info  - 12:18:22 PM] (63988) Indexing(5) started
2023-05-18 12:18:22.591 [info] [Info  - 12:18:22 PM] (63988) scanned(5) 327 files over 1 exec env
2023-05-18 12:18:24.535 [info] [Info  - 12:18:24 PM] (63988) indexed(5) 231 files over 1 exec env
2023-05-18 12:18:24.549 [info] [Info  - 12:18:24 PM] (63988) Indexing finished(5).
2023-05-18 12:19:29.259 [info] [Info  - 12:19:29 PM] (63988) Setting pythonPath for service "opengl_demo": "/home/alex/miniconda3/envs/opengl/bin/python"
2023-05-18 12:19:29.259 [info] [Warn  - 12:19:29 PM] (63988) stubPath /media/alex/74BE029ABE025550/dev/python/opengl_demo/typings is not a valid directory.
2023-05-18 12:19:29.277 [info] [Info  - 12:19:29 PM] (63988) Assuming Python version 3.11
2023-05-18 12:19:29.308 [info] [Info  - 12:19:29 PM] (63988) Found 1 source file
2023-05-18 12:19:29.577 [info] [Info  - 12:19:29 PM] (63988) Indexer background runner(6) root directory: /home/alex/.vscode/extensions/ms-python.vscode-pylance-2023.5.30/dist (index)
2023-05-18 12:19:29.578 [info] [Info  - 12:19:29 PM] (63988) Indexing(6) started
2023-05-18 12:19:29.758 [info] [Info  - 12:19:29 PM] (63988) scanned(6) 16 files over 1 exec env
2023-05-18 12:19:29.865 [info] [Info  - 12:19:29 PM] (63988) indexed(6) 4 files over 1 exec env
2023-05-18 12:19:29.865 [info] [Info  - 12:19:29 PM] (63988) Indexing finished(6).
2023-05-18 12:20:21.544 [info] [Info  - 12:20:21 PM] (63988) Indexer background runner(7) root directory: /home/alex/.vscode/extensions/ms-python.vscode-pylance-2023.5.30/dist (refresh)
2023-05-18 12:20:21.544 [info] [Info  - 12:20:21 PM] (63988) Indexing(7) started
2023-05-18 12:20:21.736 [info] [Info  - 12:20:21 PM] (63988) scanned(7) 17 files over 1 exec env
2023-05-18 12:20:21.852 [info] [Info  - 12:20:21 PM] (63988) indexed(7) 4 files over 1 exec env
2023-05-18 12:20:21.855 [info] [Info  - 12:20:21 PM] (63988) Indexing finished(7).
2023-05-18 12:20:30.451 [info] [Info  - 12:20:30 PM] (63988) Indexer background runner(8) root directory: /home/alex/.vscode/extensions/ms-python.vscode-pylance-2023.5.30/dist (refresh)
2023-05-18 12:20:30.452 [info] [Info  - 12:20:30 PM] (63988) Indexing(8) started
2023-05-18 12:20:30.644 [info] [Info  - 12:20:30 PM] (63988) scanned(8) 18 files over 1 exec env
2023-05-18 12:20:30.810 [info] [Info  - 12:20:30 PM] (63988) indexed(8) 5 files over 1 exec env
2023-05-18 12:20:30.812 [info] [Info  - 12:20:30 PM] (63988) Indexing finished(8).
2023-05-18 12:22:19.934 [info] [Info  - 12:22:19 PM] (63988) Indexer background runner(9) root directory: /home/alex/.vscode/extensions/ms-python.vscode-pylance-2023.5.30/dist (refresh)
2023-05-18 12:22:19.935 [info] [Info  - 12:22:19 PM] (63988) Indexing(9) started
2023-05-18 12:22:20.131 [info] [Info  - 12:22:20 PM] (63988) scanned(9) 19 files over 1 exec env
2023-05-18 12:22:20.423 [info] [Info  - 12:22:20 PM] (63988) indexed(9) 6 files over 1 exec env
2023-05-18 12:22:20.427 [info] [Info  - 12:22:20 PM] (63988) Indexing finished(9).
