2023-05-18 12:15:10.473 [info] Experiment 'pythonPromptNewFormatterExt' is active
2023-05-18 12:15:10.473 [info] Experiment 'pythonPromptNewToolsExt' is active
2023-05-18 12:15:10.512 [info] Test server listening.
2023-05-18 12:15:10.518 [info] > conda info --json
2023-05-18 12:15:10.684 [info] Found: /bin/python3 --> /bin/python3.10
2023-05-18 12:15:10.684 [info] Found: /bin/python3.10 --> /bin/python3.10
2023-05-18 12:15:10.686 [warning] Retry failed, storage update failed for key PYTHON_GLOBAL_STORAGE_KEYS
2023-05-18 12:15:10.686 [warning] Retry failed, storage update failed for key PYTHON_GLOBAL_STORAGE_KEYS
2023-05-18 12:15:10.686 [warning] Retry failed, storage update failed for key PYTHON_GLOBAL_STORAGE_KEYS
2023-05-18 12:15:10.686 [warning] Retry failed, storage update failed for key PYTHON_GLOBAL_STORAGE_KEYS
2023-05-18 12:15:10.686 [warning] Retry failed, storage update failed for key PYTHON_GLOBAL_STORAGE_KEYS
2023-05-18 12:15:10.686 [warning] Retry failed, storage update failed for key PYTHON_WORKSPACE_STORAGE_KEYS
2023-05-18 12:15:10.686 [warning] Retry failed, storage update failed for key PYTHON_WORKSPACE_STORAGE_KEYS
2023-05-18 12:15:10.686 [warning] Retry failed, storage update failed for key PYTHON_WORKSPACE_STORAGE_KEYS
2023-05-18 12:15:10.710 [info] Found: /usr/bin/python3 --> /usr/bin/python3.10
2023-05-18 12:15:10.710 [info] Found: /usr/bin/python3.10 --> /usr/bin/python3.10
2023-05-18 12:15:10.726 [info] > /bin/python3 -I ~/.vscode/extensions/ms-python.python-2023.8.0/pythonFiles/get_output_via_markers.py ~/.vscode/extensions/ms-python.python-2023.8.0/pythonFiles/interpreterInfo.py
2023-05-18 12:15:10.734 [info] > /usr/bin/python3 -I ~/.vscode/extensions/ms-python.python-2023.8.0/pythonFiles/get_output_via_markers.py ~/.vscode/extensions/ms-python.python-2023.8.0/pythonFiles/interpreterInfo.py
2023-05-18 12:15:11.205 [info] > ~/anaconda3/bin/python -I ~/.vscode/extensions/ms-python.python-2023.8.0/pythonFiles/get_output_via_markers.py ~/.vscode/extensions/ms-python.python-2023.8.0/pythonFiles/interpreterInfo.py
2023-05-18 12:15:11.213 [info] > ~/miniconda3/bin/python -I ~/.vscode/extensions/ms-python.python-2023.8.0/pythonFiles/get_output_via_markers.py ~/.vscode/extensions/ms-python.python-2023.8.0/pythonFiles/interpreterInfo.py
2023-05-18 12:15:11.234 [info] > ~/miniconda3/envs/pytorch_p3_10/bin/python -I ~/.vscode/extensions/ms-python.python-2023.8.0/pythonFiles/get_output_via_markers.py ~/.vscode/extensions/ms-python.python-2023.8.0/pythonFiles/interpreterInfo.py
2023-05-18 12:15:11.254 [info] > ~/miniconda3/envs/tf/bin/python -I ~/.vscode/extensions/ms-python.python-2023.8.0/pythonFiles/get_output_via_markers.py ~/.vscode/extensions/ms-python.python-2023.8.0/pythonFiles/interpreterInfo.py
2023-05-18 12:15:11.293 [info] Python interpreter path: /bin/python3
2023-05-18 12:15:11.300 [warning] Retry failed, storage update failed for key PYTHON_GLOBAL_STORAGE_KEYS
2023-05-18 12:15:11.625 [info] Starting Pylance language server.
2023-05-18 12:17:21.861 [info] Send text to terminal: /bin/python3 /media/alex/74BE029ABE025550/dev/python/opengl_demo/main.py
2023-05-18 12:18:37.869 [info] > conda info --json
2023-05-18 12:19:04.276 [info] > conda info --json
2023-05-18 12:19:04.970 [info] > ~/miniconda3/envs/opengl/bin/python -I ~/.vscode/extensions/ms-python.python-2023.8.0/pythonFiles/get_output_via_markers.py ~/.vscode/extensions/ms-python.python-2023.8.0/pythonFiles/interpreterInfo.py
2023-05-18 12:19:29.254 [info] Python interpreter path: ~/miniconda3/envs/opengl/bin/python
2023-05-18 12:20:16.037 [info] Send text to terminal: /home/alex/miniconda3/envs/opengl/bin/python /media/alex/74BE029ABE025550/dev/python/opengl_demo/main.py
2023-05-18 12:20:27.327 [info] Send text to terminal: /home/alex/miniconda3/envs/opengl/bin/python /media/alex/74BE029ABE025550/dev/python/opengl_demo/main.py
2023-05-18 12:21:50.720 [info] Send text to terminal: /home/alex/miniconda3/envs/opengl/bin/python /media/alex/74BE029ABE025550/dev/python/opengl_demo/main.py
2023-05-18 12:22:16.694 [info] Send text to terminal: /home/alex/miniconda3/envs/opengl/bin/python /media/alex/74BE029ABE025550/dev/python/opengl_demo/main.py
