2023-05-18 12:09:39.830 [info] Added views:workbench.panel.markers.view in workbench.panel.markers
2023-05-18 12:09:39.830 [info] Added views:workbench.panel.output in workbench.panel.output
2023-05-18 12:09:39.830 [info] Added views:terminal in terminal
2023-05-18 12:09:39.830 [info] Added views:outline in workbench.view.explorer
2023-05-18 12:09:39.830 [info] Added views:workbench.scm in workbench.view.scm
2023-05-18 12:09:39.830 [info] Added views:workbench.view.search in workbench.view.search
2023-05-18 12:09:39.830 [info] Added views:timeline in workbench.view.explorer
2023-05-18 12:09:39.830 [info] Added views:workbench.explorer.emptyView in workbench.view.explorer
2023-05-18 12:09:39.993 [info] Added views:workbench.debug.variablesView,workbench.debug.watchExpressionsView,workbench.debug.callStackView,workbench.debug.breakPointsView in workbench.view.debug
2023-05-18 12:09:40.239 [info] Added views:workbench.panel.repl.view in workbench.panel.repl
2023-05-18 12:09:40.240 [info] Removed views:workbench.debug.breakPointsView,workbench.debug.callStackView,workbench.debug.watchExpressionsView,workbench.debug.variablesView from workbench.view.debug
2023-05-18 12:09:40.240 [info] Added views:workbench.debug.welcome in workbench.view.debug
2023-05-18 12:11:00.181 [info] Added views:workbench.views.extensions.installed,workbench.views.extensions.popular,extensions.recommendedList in workbench.view.extensions
2023-05-18 12:11:00.182 [info] Removed views:workbench.views.extensions.popular from workbench.view.extensions
2023-05-18 12:11:00.392 [info] Added views:workbench.views.extensions.popular in workbench.view.extensions
2023-05-18 12:11:00.758 [info] Removed views:extensions.recommendedList,workbench.views.extensions.popular,workbench.views.extensions.installed from workbench.view.extensions
2023-05-18 12:11:00.767 [info] Added views:workbench.views.extensions.marketplace in workbench.view.extensions
2023-05-18 12:11:04.441 [info] Added views:workbench.panel.markers.view in workbench.panel.markers
2023-05-18 12:11:04.441 [info] Added views:workbench.panel.output in workbench.panel.output
2023-05-18 12:11:04.441 [info] Added views:terminal in terminal
2023-05-18 12:11:04.441 [info] Added views:outline in workbench.view.explorer
2023-05-18 12:11:04.441 [info] Added views:workbench.scm in workbench.view.scm
2023-05-18 12:11:04.441 [info] Added views:workbench.view.search in workbench.view.search
2023-05-18 12:11:04.441 [info] Added views:timeline in workbench.view.explorer
2023-05-18 12:11:04.441 [info] Added views:workbench.explorer.emptyView in workbench.view.explorer
2023-05-18 12:11:04.652 [info] Added views:workbench.debug.welcome in workbench.view.debug
2023-05-18 12:11:04.681 [info] Added views:workbench.panel.repl.view in workbench.panel.repl
2023-05-18 12:11:04.822 [info] Added views:workbench.views.extensions.installed,extensions.recommendedList in workbench.view.extensions
2023-05-18 12:12:47.166 [info] Removed views:extensions.recommendedList,workbench.views.extensions.installed from workbench.view.extensions
2023-05-18 12:12:47.175 [info] Added views:workbench.views.extensions.marketplace in workbench.view.extensions
2023-05-18 12:14:04.663 [info] Added views:workbench.panel.markers.view in workbench.panel.markers
2023-05-18 12:14:04.663 [info] Added views:workbench.panel.output in workbench.panel.output
2023-05-18 12:14:04.663 [info] Added views:terminal in terminal
2023-05-18 12:14:04.663 [info] Added views:outline in workbench.view.explorer
2023-05-18 12:14:04.663 [info] Added views:workbench.scm in workbench.view.scm
2023-05-18 12:14:04.663 [info] Added views:workbench.view.search in workbench.view.search
2023-05-18 12:14:04.663 [info] Added views:timeline in workbench.view.explorer
2023-05-18 12:14:04.663 [info] Added views:workbench.explorer.fileView in workbench.view.explorer
2023-05-18 12:14:04.760 [info] Added views:workbench.debug.variablesView,workbench.debug.watchExpressionsView,workbench.debug.callStackView,workbench.debug.breakPointsView in workbench.view.debug
2023-05-18 12:14:04.924 [info] Added views:workbench.panel.repl.view in workbench.panel.repl
2023-05-18 12:14:04.925 [info] Removed views:workbench.debug.breakPointsView,workbench.debug.callStackView,workbench.debug.watchExpressionsView,workbench.debug.variablesView from workbench.view.debug
2023-05-18 12:14:04.925 [info] Added views:workbench.debug.welcome in workbench.view.debug
2023-05-18 12:14:22.850 [info] Added views:workbench.views.extensions.installed,workbench.views.extensions.popular,extensions.recommendedList in workbench.view.extensions
2023-05-18 12:14:22.852 [info] Removed views:workbench.views.extensions.popular from workbench.view.extensions
2023-05-18 12:14:26.320 [info] Removed views:extensions.recommendedList,workbench.views.extensions.installed from workbench.view.extensions
2023-05-18 12:14:26.329 [info] Added views:workbench.views.extensions.marketplace in workbench.view.extensions
2023-05-18 12:15:10.499 [info] Added views:workbench.view.testing in workbench.view.extension.test
