Mono path[0] = '/home/alex/.steam/debian-installation/steamapps/common/Valheim/valheim_Data/Managed'
Mono config path = '/home/alex/.steam/debian-installation/steamapps/common/Valheim/valheim_Data/MonoBleedingEdge/etc'
Preloaded 'libparty.so'
Preloaded 'libsteam_api.so'
Display 0 '2590G4 25"': 1920x1080 (primary device).
Unable to load player prefs
Desktop is 1920 x 1080 @ 60 Hz
[Vulkan init] extensions: count=20
[Vulkan init] extensions: name=VK_KHR_device_group_creation, enabled=0
[Vulkan init] extensions: name=VK_KHR_display, enabled=1
[Vulkan init] extensions: name=VK_KHR_external_fence_capabilities, enabled=0
[Vulkan init] extensions: name=VK_KHR_external_memory_capabilities, enabled=0
[Vulkan init] extensions: name=VK_KHR_external_semaphore_capabilities, enabled=0
[Vulkan init] extensions: name=VK_KHR_get_display_properties2, enabled=0
[Vulkan init] extensions: name=VK_KHR_get_physical_device_properties2, enabled=1
[Vulkan init] extensions: name=VK_KHR_get_surface_capabilities2, enabled=0
[Vulkan init] extensions: name=VK_KHR_surface, enabled=1
[Vulkan init] extensions: name=VK_KHR_surface_protected_capabilities, enabled=0
[Vulkan init] extensions: name=VK_KHR_wayland_surface, enabled=1
[Vulkan init] extensions: name=VK_KHR_xcb_surface, enabled=0
[Vulkan init] extensions: name=VK_KHR_xlib_surface, enabled=1
[Vulkan init] extensions: name=VK_EXT_acquire_xlib_display, enabled=0
[Vulkan init] extensions: name=VK_EXT_debug_report, enabled=0
[Vulkan init] extensions: name=VK_EXT_debug_utils, enabled=0
[Vulkan init] extensions: name=VK_EXT_direct_mode_display, enabled=0
[Vulkan init] extensions: name=VK_EXT_display_surface_counter, enabled=0
[Vulkan init] extensions: name=VK_EXT_acquire_drm_display, enabled=0
[Vulkan init] extensions: name=VK_KHR_portability_enumeration, enabled=0
Vulkan detection: 2
Initialize engine version: 2020.3.45f1 (660cd1701bd5)
[Subsystems] Discovering subsystems at path /home/alex/.steam/debian-installation/steamapps/common/Valheim/valheim_Data/UnitySubsystems
GfxDevice: creating device client; threaded=1
[Vulkan init] extensions: count=20
[Vulkan init] extensions: name=VK_KHR_device_group_creation, enabled=0
[Vulkan init] extensions: name=VK_KHR_display, enabled=1
[Vulkan init] extensions: name=VK_KHR_external_fence_capabilities, enabled=0
[Vulkan init] extensions: name=VK_KHR_external_memory_capabilities, enabled=0
[Vulkan init] extensions: name=VK_KHR_external_semaphore_capabilities, enabled=0
[Vulkan init] extensions: name=VK_KHR_get_display_properties2, enabled=0
[Vulkan init] extensions: name=VK_KHR_get_physical_device_properties2, enabled=1
[Vulkan init] extensions: name=VK_KHR_get_surface_capabilities2, enabled=0
[Vulkan init] extensions: name=VK_KHR_surface, enabled=1
[Vulkan init] extensions: name=VK_KHR_surface_protected_capabilities, enabled=0
[Vulkan init] extensions: name=VK_KHR_wayland_surface, enabled=1
[Vulkan init] extensions: name=VK_KHR_xcb_surface, enabled=0
[Vulkan init] extensions: name=VK_KHR_xlib_surface, enabled=1
[Vulkan init] extensions: name=VK_EXT_acquire_xlib_display, enabled=0
[Vulkan init] extensions: name=VK_EXT_debug_report, enabled=0
[Vulkan init] extensions: name=VK_EXT_debug_utils, enabled=0
[Vulkan init] extensions: name=VK_EXT_direct_mode_display, enabled=0
[Vulkan init] extensions: name=VK_EXT_display_surface_counter, enabled=0
[Vulkan init] extensions: name=VK_EXT_acquire_drm_display, enabled=0
[Vulkan init] extensions: name=VK_KHR_portability_enumeration, enabled=0
[Vulkan init] SelectPhysicalDevice requestedDeviceIndex=-1 xrDevice=(nil)
[Vulkan init] Physical Device 0xa51110 [0]: "NVIDIA GeForce RTX 3060 Ti" deviceType=2 vendorID=10de deviceID=2489
[Vulkan init] Physical Device 0xfece60 [1]: "llvmpipe (LLVM 15.0.6, 256 bits)" deviceType=4 vendorID=10005 deviceID=0
[Vulkan init] Selected physical device 0xa51110
[Vulkan init] Graphics queue count=1
[Vulkan init] extensions: count=161
[Vulkan init] extensions: name=VK_KHR_16bit_storage, enabled=0
[Vulkan init] extensions: name=VK_KHR_8bit_storage, enabled=0
[Vulkan init] extensions: name=VK_KHR_acceleration_structure, enabled=0
[Vulkan init] extensions: name=VK_KHR_bind_memory2, enabled=0
[Vulkan init] extensions: name=VK_KHR_buffer_device_address, enabled=0
[Vulkan init] extensions: name=VK_KHR_copy_commands2, enabled=0
[Vulkan init] extensions: name=VK_KHR_create_renderpass2, enabled=1
[Vulkan init] extensions: name=VK_KHR_dedicated_allocation, enabled=1
[Vulkan init] extensions: name=VK_KHR_deferred_host_operations, enabled=0
[Vulkan init] extensions: name=VK_KHR_depth_stencil_resolve, enabled=1
[Vulkan init] extensions: name=VK_KHR_descriptor_update_template, enabled=1
[Vulkan init] extensions: name=VK_KHR_device_group, enabled=0
[Vulkan init] extensions: name=VK_KHR_draw_indirect_count, enabled=0
[Vulkan init] extensions: name=VK_KHR_driver_properties, enabled=0
[Vulkan init] extensions: name=VK_KHR_dynamic_rendering, enabled=0
[Vulkan init] extensions: name=VK_KHR_external_fence, enabled=0
[Vulkan init] extensions: name=VK_KHR_external_fence_fd, enabled=0
[Vulkan init] extensions: name=VK_KHR_external_memory, enabled=0
[Vulkan init] extensions: name=VK_KHR_external_memory_fd, enabled=0
[Vulkan init] extensions: name=VK_KHR_external_semaphore, enabled=0
[Vulkan init] extensions: name=VK_KHR_external_semaphore_fd, enabled=0
[Vulkan init] extensions: name=VK_KHR_format_feature_flags2, enabled=0
[Vulkan init] extensions: name=VK_KHR_fragment_shading_rate, enabled=0
[Vulkan init] extensions: name=VK_KHR_get_memory_requirements2, enabled=1
[Vulkan init] extensions: name=VK_KHR_global_priority, enabled=0
[Vulkan init] extensions: name=VK_KHR_image_format_list, enabled=1
[Vulkan init] extensions: name=VK_KHR_imageless_framebuffer, enabled=0
[Vulkan init] extensions: name=VK_KHR_maintenance1, enabled=1
[Vulkan init] extensions: name=VK_KHR_maintenance2, enabled=1
[Vulkan init] extensions: name=VK_KHR_maintenance3, enabled=0
[Vulkan init] extensions: name=VK_KHR_maintenance4, enabled=0
[Vulkan init] extensions: name=VK_KHR_multiview, enabled=1
[Vulkan init] extensions: name=VK_KHR_pipeline_executable_properties, enabled=0
[Vulkan init] extensions: name=VK_KHR_pipeline_library, enabled=0
[Vulkan init] extensions: name=VK_KHR_present_id, enabled=0
[Vulkan init] extensions: name=VK_KHR_present_wait, enabled=0
[Vulkan init] extensions: name=VK_KHR_push_descriptor, enabled=0
[Vulkan init] extensions: name=VK_KHR_ray_query, enabled=0
[Vulkan init] extensions: name=VK_KHR_ray_tracing_maintenance1, enabled=0
[Vulkan init] extensions: name=VK_KHR_ray_tracing_pipeline, enabled=0
[Vulkan init] extensions: name=VK_KHR_relaxed_block_layout, enabled=0
[Vulkan init] extensions: name=VK_KHR_sampler_mirror_clamp_to_edge, enabled=1
[Vulkan init] extensions: name=VK_KHR_sampler_ycbcr_conversion, enabled=0
[Vulkan init] extensions: name=VK_KHR_separate_depth_stencil_layouts, enabled=0
[Vulkan init] extensions: name=VK_KHR_shader_atomic_int64, enabled=0
[Vulkan init] extensions: name=VK_KHR_shader_clock, enabled=0
[Vulkan init] extensions: name=VK_KHR_shader_draw_parameters, enabled=0
[Vulkan init] extensions: name=VK_KHR_shader_float16_int8, enabled=0
[Vulkan init] extensions: name=VK_KHR_shader_float_controls, enabled=0
[Vulkan init] extensions: name=VK_KHR_shader_integer_dot_product, enabled=0
[Vulkan init] extensions: name=VK_KHR_shader_non_semantic_info, enabled=0
[Vulkan init] extensions: name=VK_KHR_shader_subgroup_extended_types, enabled=0
[Vulkan init] extensions: name=VK_KHR_shader_subgroup_uniform_control_flow, enabled=0
[Vulkan init] extensions: name=VK_KHR_shader_terminate_invocation, enabled=0
[Vulkan init] extensions: name=VK_KHR_spirv_1_4, enabled=0
[Vulkan init] extensions: name=VK_KHR_storage_buffer_storage_class, enabled=0
[Vulkan init] extensions: name=VK_KHR_swapchain, enabled=1
[Vulkan init] extensions: name=VK_KHR_swapchain_mutable_format, enabled=0
[Vulkan init] extensions: name=VK_KHR_synchronization2, enabled=0
[Vulkan init] extensions: name=VK_KHR_timeline_semaphore, enabled=0
[Vulkan init] extensions: name=VK_KHR_uniform_buffer_standard_layout, enabled=0
[Vulkan init] extensions: name=VK_KHR_variable_pointers, enabled=0
[Vulkan init] extensions: name=VK_KHR_vulkan_memory_model, enabled=0
[Vulkan init] extensions: name=VK_KHR_workgroup_memory_explicit_layout, enabled=0
[Vulkan init] extensions: name=VK_KHR_zero_initialize_workgroup_memory, enabled=0
[Vulkan init] extensions: name=VK_EXT_4444_formats, enabled=0
[Vulkan init] extensions: name=VK_EXT_blend_operation_advanced, enabled=0
[Vulkan init] extensions: name=VK_EXT_border_color_swizzle, enabled=0
[Vulkan init] extensions: name=VK_EXT_buffer_device_address, enabled=0
[Vulkan init] extensions: name=VK_EXT_calibrated_timestamps, enabled=0
[Vulkan init] extensions: name=VK_EXT_color_write_enable, enabled=0
[Vulkan init] extensions: name=VK_EXT_conditional_rendering, enabled=0
[Vulkan init] extensions: name=VK_EXT_conservative_rasterization, enabled=1
[Vulkan init] extensions: name=VK_EXT_custom_border_color, enabled=0
[Vulkan init] extensions: name=VK_EXT_depth_clip_control, enabled=0
[Vulkan init] extensions: name=VK_EXT_depth_clip_enable, enabled=0
[Vulkan init] extensions: name=VK_EXT_depth_range_unrestricted, enabled=0
[Vulkan init] extensions: name=VK_EXT_descriptor_indexing, enabled=0
[Vulkan init] extensions: name=VK_EXT_discard_rectangles, enabled=0
[Vulkan init] extensions: name=VK_EXT_display_control, enabled=0
[Vulkan init] extensions: name=VK_EXT_extended_dynamic_state, enabled=0
[Vulkan init] extensions: name=VK_EXT_extended_dynamic_state2, enabled=0
[Vulkan init] extensions: name=VK_EXT_external_memory_dma_buf, enabled=0
[Vulkan init] extensions: name=VK_EXT_external_memory_host, enabled=0
[Vulkan init] extensions: name=VK_EXT_fragment_shader_interlock, enabled=0
[Vulkan init] extensions: name=VK_EXT_global_priority, enabled=0
[Vulkan init] extensions: name=VK_EXT_global_priority_query, enabled=0
[Vulkan init] extensions: name=VK_EXT_graphics_pipeline_library, enabled=0
[Vulkan init] extensions: name=VK_EXT_host_query_reset, enabled=0
[Vulkan init] extensions: name=VK_EXT_image_drm_format_modifier, enabled=0
[Vulkan init] extensions: name=VK_EXT_image_robustness, enabled=0
[Vulkan init] extensions: name=VK_EXT_image_view_min_lod, enabled=0
[Vulkan init] extensions: name=VK_EXT_index_type_uint8, enabled=0
[Vulkan init] extensions: name=VK_EXT_inline_uniform_block, enabled=0
[Vulkan init] extensions: name=VK_EXT_line_rasterization, enabled=0
[Vulkan init] extensions: name=VK_EXT_load_store_op_none, enabled=0
[Vulkan init] extensions: name=VK_EXT_memory_budget, enabled=0
[Vulkan init] extensions: name=VK_EXT_multi_draw, enabled=0
[Vulkan init] extensions: name=VK_EXT_pci_bus_info, enabled=0
[Vulkan init] extensions: name=VK_EXT_physical_device_drm, enabled=0
[Vulkan init] extensions: name=VK_EXT_pipeline_creation_cache_control, enabled=0
[Vulkan init] extensions: name=VK_EXT_pipeline_creation_feedback, enabled=0
[Vulkan init] extensions: name=VK_EXT_post_depth_coverage, enabled=0
[Vulkan init] extensions: name=VK_EXT_primitive_topology_list_restart, enabled=0
[Vulkan init] extensions: name=VK_EXT_primitives_generated_query, enabled=0
[Vulkan init] extensions: name=VK_EXT_private_data, enabled=0
[Vulkan init] extensions: name=VK_EXT_provoking_vertex, enabled=0
[Vulkan init] extensions: name=VK_EXT_queue_family_foreign, enabled=0
[Vulkan init] extensions: name=VK_EXT_robustness2, enabled=0
[Vulkan init] extensions: name=VK_EXT_sample_locations, enabled=0
[Vulkan init] extensions: name=VK_EXT_sampler_filter_minmax, enabled=0
[Vulkan init] extensions: name=VK_EXT_scalar_block_layout, enabled=0
[Vulkan init] extensions: name=VK_EXT_separate_stencil_usage, enabled=0
[Vulkan init] extensions: name=VK_EXT_shader_atomic_float, enabled=0
[Vulkan init] extensions: name=VK_EXT_shader_demote_to_helper_invocation, enabled=0
[Vulkan init] extensions: name=VK_EXT_shader_image_atomic_int64, enabled=0
[Vulkan init] extensions: name=VK_EXT_shader_subgroup_ballot, enabled=0
[Vulkan init] extensions: name=VK_EXT_shader_subgroup_vote, enabled=0
[Vulkan init] extensions: name=VK_EXT_shader_viewport_index_layer, enabled=1
[Vulkan init] extensions: name=VK_EXT_subgroup_size_control, enabled=0
[Vulkan init] extensions: name=VK_EXT_texel_buffer_alignment, enabled=0
[Vulkan init] extensions: name=VK_EXT_tooling_info, enabled=0
[Vulkan init] extensions: name=VK_EXT_transform_feedback, enabled=0
[Vulkan init] extensions: name=VK_EXT_vertex_attribute_divisor, enabled=0
[Vulkan init] extensions: name=VK_EXT_vertex_input_dynamic_state, enabled=0
[Vulkan init] extensions: name=VK_EXT_ycbcr_2plane_444_formats, enabled=0
[Vulkan init] extensions: name=VK_EXT_ycbcr_image_arrays, enabled=0
[Vulkan init] extensions: name=VK_NV_clip_space_w_scaling, enabled=0
[Vulkan init] extensions: name=VK_NV_compute_shader_derivatives, enabled=0
[Vulkan init] extensions: name=VK_NV_cooperative_matrix, enabled=0
[Vulkan init] extensions: name=VK_NV_corner_sampled_image, enabled=0
[Vulkan init] extensions: name=VK_NV_coverage_reduction_mode, enabled=0
[Vulkan init] extensions: name=VK_NV_cuda_kernel_launch, enabled=0
[Vulkan init] extensions: name=VK_NV_dedicated_allocation, enabled=0
[Vulkan init] extensions: name=VK_NV_dedicated_allocation_image_aliasing, enabled=0
[Vulkan init] extensions: name=VK_NV_device_diagnostic_checkpoints, enabled=0
[Vulkan init] extensions: name=VK_NV_device_diagnostics_config, enabled=0
[Vulkan init] extensions: name=VK_NV_device_generated_commands, enabled=0
[Vulkan init] extensions: name=VK_NV_fill_rectangle, enabled=0
[Vulkan init] extensions: name=VK_NV_fragment_coverage_to_color, enabled=0
[Vulkan init] extensions: name=VK_NV_fragment_shader_barycentric, enabled=0
[Vulkan init] extensions: name=VK_NV_fragment_shading_rate_enums, enabled=0
[Vulkan init] extensions: name=VK_NV_framebuffer_mixed_samples, enabled=0
[Vulkan init] extensions: name=VK_NV_geometry_shader_passthrough, enabled=0
[Vulkan init] extensions: name=VK_NV_inherited_viewport_scissor, enabled=0
[Vulkan init] extensions: name=VK_NV_linear_color_attachment, enabled=0
[Vulkan init] extensions: name=VK_NV_mesh_shader, enabled=0
[Vulkan init] extensions: name=VK_NV_ray_tracing, enabled=0
[Vulkan init] extensions: name=VK_NV_ray_tracing_motion_blur, enabled=0
[Vulkan init] extensions: name=VK_NV_representative_fragment_test, enabled=0
[Vulkan init] extensions: name=VK_NV_sample_mask_override_coverage, enabled=0
[Vulkan init] extensions: name=VK_NV_scissor_exclusive, enabled=0
[Vulkan init] extensions: name=VK_NV_shader_image_footprint, enabled=0
[Vulkan init] extensions: name=VK_NV_shader_sm_builtins, enabled=0
[Vulkan init] extensions: name=VK_NV_shader_subgroup_partitioned, enabled=0
[Vulkan init] extensions: name=VK_NV_shading_rate_image, enabled=0
[Vulkan init] extensions: name=VK_NV_viewport_array2, enabled=0
[Vulkan init] extensions: name=VK_NV_viewport_swizzle, enabled=0
[Vulkan init] extensions: name=VK_NVX_binary_import, enabled=0
[Vulkan init] extensions: name=VK_NVX_image_view_handle, enabled=0
[Vulkan init] extensions: name=VK_NVX_multiview_per_view_attributes, enabled=0
Fossilize INFO: Overriding serialization path: "/home/alex/.steam/debian-installation/steamapps/shadercache/892970/fozpipelinesv6/steamapprun_pipeline_cache".
Vulkan API version 1.1.0 (1.3.205 supported by driver, 1.1.0 requested)
Vulkan vendor=[NVIDIA] id=[10de]
Vulkan renderer=[NVIDIA GeForce RTX 3060 Ti] id=[2489]
Vulkan device type 2
Vulkan driverversion=[0x820f4140] uint=[-2112929472]
Vulkan PSO: cache data not found [path=/tmp/IronGate/Valheim/vulkan_pso_cache.bin]
Begin MonoManager ReloadAssembly
- Completed reload, in  0.035 seconds
requesting resize 1366 x 768
resizing window to 1366 x 768
Desktop is 1920 x 1080 @ 60 Hz
InitializeOrResetSwapChain 1366x768 hdr=0 samples=1
UnloadTime: 0.308873 ms
Desktop is 1920 x 1080 @ 60 Hz
InitializeOrResetSwapChain 943x1034 hdr=0 samples=1
05/22/2023 18:20:15: Starting to load scene:start
Couldn't create a Convex Mesh from source mesh "default" within the maximum polygons limit (256). The partial hull will be used. Consider simplifying your mesh.
Couldn't create a Convex Mesh from source mesh "default" within the maximum polygons limit (256). The partial hull will be used. Consider simplifying your mesh.
Shader 'Lux Lit Particles/ Tess Bumped': fallback shader 'Lux Lit Particles/ Bumped Smoke' not found
Unloading 6 Unused Serialized files (Serialized files now loaded: 1)
UnloadTime: 5.173048 ms
Only custom filters can be played. Please add a custom filter or an audioclip to the audiosource (Amb_MainMenu).
05/22/2023 18:20:17: Using environment steamid 892970
05/22/2023 18:20:17: Using steam APPID:892970
[S_API] SteamAPI_Init(): Loaded '/home/alex/.steam/debian-installation/linux64/steamclient.so' OK.
Setting breakpad minidump AppID = 892970
SteamInternal_SetMinidumpSteamID:  Caching Steam ID:  76561198253026615 [API loaded no]
05/22/2023 18:20:17: Authentication:k_ESteamNetworkingAvailability_Attempting
05/22/2023 18:20:17: Steam initialized, persona:Alexman
05/22/2023 18:20:17: PlayFab custom ID set to "Steam_76561198253026615"
05/22/2023 18:20:17: Using default prefs
05/22/2023 18:20:17: Valheim version: 0.215.2 (network version 1)
05/22/2023 18:20:17: Worldgenerator version setup:2
05/22/2023 18:20:17: Render threading mode:MultiThreaded
05/22/2023 18:20:17: Missing audio clip in music respawn
05/22/2023 18:20:17: Checking for installed DLCs
05/22/2023 18:20:17: DLC:beta installed:False
05/22/2023 18:20:17: Builder started
05/22/2023 18:20:17: Loaded localization file #0 - 'localization' language: 'English'
05/22/2023 18:20:17: Loaded localization file #1 - 'localization_extra' language: 'English'
05/22/2023 18:20:17: Sending PlayFab login request (attempt 1)
05/22/2023 18:20:17: Ticket is System.Byte[] of length 368
05/22/2023 18:20:17: Session auth respons callback
05/22/2023 18:20:17: Starting music menu
05/22/2023 18:20:17: UI Group status changed Menu = True

Unloading 17 unused Assets to reduce memory usage. Loaded Objects now: 140545.
Total: 66.390670 ms (FindLiveObjects: 4.085684 ms CreateObjectMapping: 11.323219 ms MarkObjects: 50.792057 ms  DeleteObjects: 0.189390 ms)

05/22/2023 18:20:18: PlayFab logged in as "Steam_76561198253026615"
05/22/2023 18:20:18: PlayFab local entity ID is FF6854EFCB84680F
05/22/2023 18:20:19: UI Group status changed Menu = True
InitializeOrResetSwapChain 1898x1034 hdr=0 samples=1
05/22/2023 18:21:40: Found selected Start game
05/22/2023 18:21:40: show character selection
05/22/2023 18:22:06: UI Group status changed Menu = True
05/22/2023 18:22:07: Found selected Settings
05/22/2023 18:22:07: Current res 1920x1080     1898x1034
requesting resize 1920 x 1080
Using native desktop resolution 1920 x 1080
requesting fullscreen 1920 x 1080 at 60 Hz
Desktop is 1920 x 1080 @ 60 Hz
InitializeOrResetSwapChain 1920x1080 hdr=0 samples=1
05/22/2023 18:22:42: Loaded localization file #0 - 'localization' language: 'English'
05/22/2023 18:22:42: Loaded localization file #1 - 'localization_extra' language: 'English'
05/22/2023 18:22:43: UI Group status changed Menu = True
05/22/2023 18:22:44: Found selected Start game
05/22/2023 18:22:44: show character selection
05/22/2023 18:22:44: UI Group status changed SelectCharacter = True
05/22/2023 18:22:46: OnCharacterStart
05/22/2023 18:22:52: Loading main scene
Unloading 6 Unused Serialized files (Serialized files now loaded: 1)
UnloadTime: 9.911704 ms
05/22/2023 18:22:52: Steam initialized, persona:Alexman
05/22/2023 18:22:52: PlayFab custom ID set to "Steam_76561198253026615"
05/22/2023 18:22:52: Using default prefs
05/22/2023 18:22:52: Loading player profile bobby
05/22/2023 18:22:52: isModded: False
05/22/2023 18:22:52: Zonesystem Awake 26212
05/22/2023 18:22:52: DungeonDB Awake 26212
05/22/2023 18:22:52: Steam initialized, persona:Alexman
05/22/2023 18:22:52: Worldgenerator version setup:1
05/22/2023 18:22:54: Audioman already exist, destroying self
05/22/2023 18:22:54: Checking for installed DLCs
05/22/2023 18:22:54: DLC:beta installed:False

Unloading 99 unused Assets to reduce memory usage. Loaded Objects now: 143566.
Total: 83.338456 ms (FindLiveObjects: 3.979478 ms CreateObjectMapping: 11.861634 ms MarkObjects: 66.756240 ms  DeleteObjects: 0.740413 ms)

05/22/2023 18:22:57: Zonesystem Start 26212
05/22/2023 18:22:58: Added 3 locations, 0 vegetations, 0 environments, 0 biome env-setups, 0 clutter  from locations_cp1
05/22/2023 18:22:58: Added 1 locations, 0 vegetations, 1 environments, 0 biome env-setups, 0 clutter  from locations_mountaincaves
05/22/2023 18:22:58: Added 27 locations, 25 vegetations, 5 environments, 1 biome env-setups, 3 clutter  from locations_mistlands
05/22/2023 18:22:58: DungeonDB Start 26212
05/22/2023 18:22:58: ZRpc timeout set to 30s 
05/22/2023 18:22:58: Load world: peepeepoopoo (peepeepoopoo)
05/22/2023 18:22:58: Loading 88320 zdos , my id 286979613 data version:27
05/22/2023 18:22:58: Loaded 1313 dead zdos
05/22/2023 18:22:58: Removed 0 OLD generated ZDOS
05/22/2023 18:22:58: Loaded 7141 locations
05/22/2023 18:22:58: Unloading unused assets
Unloading 10 Unused Serialized files (Serialized files now loaded: 1)
05/22/2023 18:22:58: Generating locations
05/22/2023 18:22:58: Checking for location duplicates
05/22/2023 18:22:58: Old location found StartTemple x 1
05/22/2023 18:22:58: Old location found Eikthyrnir x 3
05/22/2023 18:23:03: Failed to place all Mistlands_Giant1, placed 249 out of 350
05/22/2023 18:23:08: Failed to place all Mistlands_Giant2, placed 51 out of 100
05/22/2023 18:23:10: Old location found StoneCircle x 3
05/22/2023 18:23:10: Old location found Greydwarf_camp1 x 4
05/22/2023 18:23:10: Old location found Runestone_Greydwarfs x 5
05/22/2023 18:23:11: Old location found Crypt2 x 6
05/22/2023 18:23:11: Old location found Ruin1 x 4
05/22/2023 18:23:11: Old location found Ruin2 x 3
05/22/2023 18:23:11: Old location found StoneHouse3 x 5
05/22/2023 18:23:11: Old location found StoneHouse4 x 6
05/22/2023 18:23:15: Old location found WoodHouse1 x 4
05/22/2023 18:23:15: Old location found WoodHouse2 x 4
05/22/2023 18:23:15: Old location found WoodHouse3 x 1
05/22/2023 18:23:15: Old location found WoodHouse4 x 4
05/22/2023 18:23:15: Old location found WoodHouse5 x 3
05/22/2023 18:23:15: Old location found WoodHouse6 x 5
05/22/2023 18:23:15: Old location found WoodHouse7 x 4
05/22/2023 18:23:15: Old location found WoodHouse8 x 6
05/22/2023 18:23:15: Old location found WoodHouse9 x 5
05/22/2023 18:23:15: Old location found WoodHouse10 x 5
05/22/2023 18:23:15: Old location found WoodHouse11 x 4
05/22/2023 18:23:15: Old location found WoodHouse12 x 1
05/22/2023 18:23:15: Old location found WoodHouse13 x 4
05/22/2023 18:23:15: Old location found WoodFarm1 x 7
05/22/2023 18:23:15: Old location found TrollCave02 x 2
05/22/2023 18:23:16: Old location found Dolmen01 x 3
05/22/2023 18:23:16: Old location found Dolmen02 x 4
05/22/2023 18:23:16: Old location found Dolmen03 x 7
05/22/2023 18:23:16: Old location found Crypt3 x 8
05/22/2023 18:23:16: Old location found Crypt4 x 3
05/22/2023 18:23:20: Old location found StoneTowerRuins03 x 2
05/22/2023 18:23:20: Old location found StoneTowerRuins07 x 3
05/22/2023 18:23:21: Old location found StoneTowerRuins09 x 1
05/22/2023 18:23:21: Old location found StoneTowerRuins10 x 1
05/22/2023 18:23:21: Old location found ShipSetting01 x 30
05/22/2023 18:23:24: Old location found DrakeLorestone x 1
05/22/2023 18:23:26: Old location found Runestone_Meadows x 21
05/22/2023 18:23:27: Old location found Runestone_Boars x 15
05/22/2023 18:23:31: Failed to place all TarPit2, placed 20 out of 100
05/22/2023 18:23:35: Failed to place all MountainCave02, placed 139 out of 160
05/22/2023 18:23:41:  Done generating locations, duration:42768.024 ms
05/22/2023 18:23:41: Starting respawn
05/22/2023 18:23:41: Ticket is System.Byte[] of length 369
05/22/2023 18:23:41: Session auth respons callback
05/22/2023 18:23:47: tip:$loadscreen_tip05

Unloading 11 unused Assets to reduce memory usage. Loaded Objects now: 1662465.
Total: 439.700487 ms (FindLiveObjects: 68.726620 ms CreateObjectMapping: 27.295061 ms MarkObjects: 342.844742 ms  DeleteObjects: 0.833680 ms)

05/22/2023 18:23:51: SpawnPrefab StoneSpawner_TheQueen SPAWNING BossStone_TheQueen
05/22/2023 18:23:52: Skipping unloading unused assets
05/22/2023 18:23:52: Minimap: Adding unique location (5.9, 66.2, 5.9)
05/22/2023 18:24:05: Current res 1920x1080     1920x1080
05/22/2023 18:24:05: UI Group status changed MenuRoot = False
05/22/2023 18:24:05: Found selected Settings
05/22/2023 18:24:13: UI Group status changed Misc = True
05/22/2023 18:24:13: UI Group status changed Graphics = True
05/22/2023 18:24:15: UI Group status changed Misc = True
05/22/2023 18:24:21: UI Group status changed MenuRoot = True
05/22/2023 18:24:21: Found selected Continue
05/22/2023 18:24:22: Found selected Continue
05/22/2023 18:24:24: UI Group status changed MenuRoot = True
05/22/2023 18:24:24: Found selected Continue
05/22/2023 18:24:26: Current res 1920x1080     1920x1080
05/22/2023 18:24:26: UI Group status changed MenuRoot = False
05/22/2023 18:24:26: Found selected Settings
05/22/2023 18:24:31: UI Group status changed MenuRoot = True
05/22/2023 18:24:31: Found selected Continue
05/22/2023 18:24:32: Found selected Continue
05/22/2023 18:24:33: UI Group status changed MenuRoot = True
05/22/2023 18:24:33: Found selected Continue
05/22/2023 18:24:35: Current res 1920x1080     1920x1080
05/22/2023 18:24:35: UI Group status changed MenuRoot = False
05/22/2023 18:24:35: Found selected Settings
05/22/2023 18:24:37: UI Group status changed MenuRoot = True
05/22/2023 18:24:37: Found selected Continue
05/22/2023 18:24:38: Found selected Continue
05/22/2023 18:24:49: Queue unlock msg:$msg_newrecipe:$item_shield_wood
05/22/2023 18:24:49: Queue unlock msg:$msg_newrecipe:$item_shield_woodtower
05/22/2023 18:26:30: Force generaeting hmap (-192.0, 0.0, 64.0)
05/22/2023 18:26:30: Force generaeting hmap (-192.0, 0.0, 128.0)
05/22/2023 18:26:58: Im still nto the owner
05/22/2023 18:26:58: Im still nto the owner
05/22/2023 18:26:58: Im still nto the owner
05/22/2023 18:26:58: Im still nto the owner
05/22/2023 18:26:58: Im still nto the owner
05/22/2023 18:26:58: Im finally the owner
05/22/2023 18:27:04: Spawned Greyling x 1
05/22/2023 18:27:18: Update PlayFab entity token
05/22/2023 18:27:44: Force generaeting hmap (-192.0, 0.0, 64.0)
05/22/2023 18:27:44: Force generaeting hmap (-192.0, 0.0, 128.0)
05/22/2023 18:27:52: UI Group status changed MenuRoot = True
05/22/2023 18:27:54: Current res 1920x1080     1920x1080
05/22/2023 18:27:54: UI Group status changed MenuRoot = False
05/22/2023 18:27:54: Found selected Settings
05/22/2023 18:27:58: Current res 1920x1080     1920x1080
05/22/2023 18:27:59: UI Group status changed MenuRoot = True
05/22/2023 18:27:59: Found selected Continue
05/22/2023 18:27:59: Found selected Continue
05/22/2023 18:27:59: Setting selected recipe 0
05/22/2023 18:27:59: UI Group status changed root = True
05/22/2023 18:27:59: UI Group status changed Player = True
05/22/2023 18:28:01: Setting selected recipe 0
05/22/2023 18:28:31: Force generaeting hmap (-192.0, 0.0, 64.0)
05/22/2023 18:28:31: Force generaeting hmap (-192.0, 0.0, 128.0)
05/22/2023 18:28:57: UI Group status changed MenuRoot = True
05/22/2023 18:28:59: UI Group status changed MenuRoot = False
05/22/2023 18:29:00: Game - OnApplicationQuit
05/22/2023 18:29:00: Shuting down
05/22/2023 18:29:00: Uncompressed size 8388617
05/22/2023 18:29:00: Compressed size 8241
saving started
05/22/2023 18:29:00: Local moving, old kept as backup: /home/alex/.config/unity3d/IronGate/Valheim/characters/bobby.fch
05/22/2023 18:29:00: Cloud Save: 20785 bytes. /characters/bobby.fch.new
05/22/2023 18:29:00: Steam writing file chunks 1 / 1, (20785 bytes)
05/22/2023 18:29:00: Steam Cloud Move: 20785 bytes. /characters/bobby.fch.new -> /characters/bobby.fch
05/22/2023 18:29:00: Steam writing file chunks 1 / 1, (20785 bytes)
05/22/2023 18:29:00: Considering autobackup. World time: 272.16, short time: 7200, long time: 43200, backup count: 4
05/22/2023 18:29:00: Skipping backup. World session not long enough.
saving finished
05/22/2023 18:29:00: ZNet Shutdown
05/22/2023 18:29:00: clone 71
05/22/2023 18:29:00: Local moving, old kept as backup: /home/alex/.config/unity3d/IronGate/Valheim/worlds/peepeepoopoo.db
05/22/2023 18:29:00: Local moving, old kept as backup: /home/alex/.config/unity3d/IronGate/Valheim/worlds/peepeepoopoo.fwl
05/22/2023 18:29:00: World save writing starting
05/22/2023 18:29:00: World save writing started
05/22/2023 18:29:01: Saved 88304 zdos
05/22/2023 18:29:01: World save writing finishing
05/22/2023 18:29:01: Cloud Save: 9921143 bytes. /worlds/peepeepoopoo.db
05/22/2023 18:29:01: Steam writing file chunks 1 / 1, (9921143 bytes)
05/22/2023 18:29:01: World save writing finished
05/22/2023 18:29:01: Cloud Save: 48 bytes. /worlds/peepeepoopoo.fwl
05/22/2023 18:29:01: Steam writing file chunks 1 / 1, (48 bytes)
05/22/2023 18:29:01: Considering autobackup. World time: 272.16, short time: 7200, long time: 43200, backup count: 4
05/22/2023 18:29:01: Skipping backup. World session not long enough.
05/22/2023 18:29:01: World saved ( 283.982ms )
05/22/2023 18:29:01: Considering autobackup. World time: 272.16, short time: 7200, long time: 43200, backup count: 4
05/22/2023 18:29:01: Skipping backup. World session not long enough.
05/22/2023 18:29:01: Unloading unused assets
Unloading 2 Unused Serialized files (Serialized files now loaded: 1)
05/22/2023 18:29:01: Sending disconnect msg

Unloading 298 unused Assets to reduce memory usage. Loaded Objects now: 1868432.
Total: 517.900203 ms (FindLiveObjects: 73.987137 ms CreateObjectMapping: 27.984073 ms MarkObjects: 414.038819 ms  DeleteObjects: 1.889722 ms)

Setting up 4 worker threads for Enlighten.
  Thread -> id: 7fcd31b31640 -> priority: 1 
  Thread -> id: 7fcd30b2f640 -> priority: 1 
  Thread -> id: 7fcd0ffff640 -> priority: 1 
  Thread -> id: 7fcd0f3ff640 -> priority: 1 
05/22/2023 18:29:03: Steam manager on destroy
05/22/2023 18:29:03: Local player destroyed
05/22/2023 18:29:03: Found selected Button_yes
05/22/2023 18:29:03: ZNet OnDestroy
05/22/2023 18:29:04: Net scene destroyed
Vulkan PSO: data extracted [new size=3939573, old size=0, incomplete=0]
Vulkan PSO: Saved size[3939573] path[/tmp/IronGate/Valheim/vulkan_pso_cache.bin] success=1 headerChanged=1 sizeChanged=1
