2023-05-18 12:09:40.471 [info] Reading sessions from keychain...
2023-05-18 12:09:40.471 [info] Getting sessions for all scopes...
2023-05-18 12:09:40.471 [info] Got 0 sessions for ...
2023-05-18 12:09:40.471 [info] Getting sessions for user:email...
2023-05-18 12:09:40.471 [info] Got 0 sessions for user:email...
2023-05-18 12:09:40.572 [info] Getting sessions for all scopes...
2023-05-18 12:09:40.572 [info] Got 0 sessions for ...
2023-05-18 12:11:04.842 [info] Reading sessions from keychain...
2023-05-18 12:11:04.842 [info] Getting sessions for all scopes...
2023-05-18 12:11:04.842 [info] Getting sessions for user:email...
2023-05-18 12:11:04.842 [info] Got 0 sessions for ...
2023-05-18 12:11:04.842 [info] Got 0 sessions for user:email...
2023-05-18 12:11:04.842 [info] Getting sessions for all scopes...
2023-05-18 12:11:04.842 [info] Got 0 sessions for ...
2023-05-18 12:11:04.852 [info] Getting sessions for all scopes...
2023-05-18 12:11:04.852 [info] Got 0 sessions for ...
2023-05-18 12:14:05.084 [info] Reading sessions from keychain...
2023-05-18 12:14:05.084 [info] Getting sessions for all scopes...
2023-05-18 12:14:05.084 [info] Getting sessions for user:email...
2023-05-18 12:14:05.084 [info] Got 0 sessions for ...
2023-05-18 12:14:05.084 [info] Got 0 sessions for user:email...
2023-05-18 12:14:05.084 [info] Getting sessions for all scopes...
2023-05-18 12:14:05.084 [info] Got 0 sessions for ...
2023-05-18 12:14:05.086 [info] Getting sessions for all scopes...
2023-05-18 12:14:05.086 [info] Got 0 sessions for ...
