2023-05-18 12:11:00.471 [info] Getting Manifest... catppuccin.catppuccin-vsc
2023-05-18 12:11:00.475 [info] Installing extension: catppuccin.catppuccin-vsc
2023-05-18 12:11:02.145 [info] Extension signature is verified: catppuccin.catppuccin-vsc
2023-05-18 12:11:02.162 [info] Extracted extension to /home/alex/.vscode/extensions/.0f302140-9bd2-4106-a5f8-a31c20096f2b: catppuccin.catppuccin-vsc
2023-05-18 12:11:02.167 [info] Renamed to /home/alex/.vscode/extensions/catppuccin.catppuccin-vsc-2.7.0
2023-05-18 12:11:02.168 [info] Extracting extension completed. catppuccin.catppuccin-vsc
2023-05-18 12:11:02.177 [info] Extension installed successfully: catppuccin.catppuccin-vsc
2023-05-18 12:12:46.669 [info] Getting Manifest... catppuccin.catppuccin-vsc
2023-05-18 12:12:46.672 [info] Installing extension: catppuccin.catppuccin-vsc
2023-05-18 12:12:46.808 [info] Extension installed successfully: catppuccin.catppuccin-vsc
2023-05-18 12:14:43.640 [info] Getting Manifest... catppuccin.catppuccin-vsc-icons
2023-05-18 12:14:43.643 [info] Installing extension: catppuccin.catppuccin-vsc-icons
2023-05-18 12:14:44.950 [info] Extension signature is verified: catppuccin.catppuccin-vsc-icons
2023-05-18 12:14:45.367 [info] Extracted extension to /home/alex/.vscode/extensions/.65d54502-2007-4f03-9419-f4a3a84832fd: catppuccin.catppuccin-vsc-icons
2023-05-18 12:14:45.378 [info] Renamed to /home/alex/.vscode/extensions/catppuccin.catppuccin-vsc-icons-0.10.0
2023-05-18 12:14:45.379 [info] Extracting extension completed. catppuccin.catppuccin-vsc-icons
2023-05-18 12:14:45.386 [info] Extension installed successfully: catppuccin.catppuccin-vsc-icons
2023-05-18 12:15:02.103 [info] Getting Manifest... ms-python.python
2023-05-18 12:15:02.107 [info] Installing extension: ms-python.python
2023-05-18 12:15:02.546 [info] Getting Manifest... ms-python.vscode-pylance
2023-05-18 12:15:02.608 [info] Installing extension: ms-python.vscode-pylance ms-python.python
2023-05-18 12:15:05.019 [info] Extension signature is verified: ms-python.python
2023-05-18 12:15:05.968 [info] Extracted extension to /home/alex/.vscode/extensions/.6fda7553-b2c8-4f67-9cfc-9f671c075c50: ms-python.python
2023-05-18 12:15:05.981 [info] Renamed to /home/alex/.vscode/extensions/ms-python.python-2023.8.0
2023-05-18 12:15:05.985 [info] Extracting extension completed. ms-python.python
2023-05-18 12:15:08.241 [info] Extension signature is verified: ms-python.vscode-pylance
2023-05-18 12:15:09.913 [info] Extracted extension to /home/alex/.vscode/extensions/.542a5d14-a70f-4486-a536-03b8e3e2ec8b: ms-python.vscode-pylance
2023-05-18 12:15:09.928 [info] Renamed to /home/alex/.vscode/extensions/ms-python.vscode-pylance-2023.5.30
2023-05-18 12:15:09.929 [info] Extracting extension completed. ms-python.vscode-pylance
2023-05-18 12:15:09.938 [info] Extension installed successfully: ms-python.python
2023-05-18 12:15:09.938 [info] Extension installed successfully: ms-python.vscode-pylance
