2023-05-18 12:09:40.470 [info] Log level: Info
2023-05-18 12:09:40.470 [info] Validating found git in: "git"
2023-05-18 12:09:40.470 [info] Using git "2.34.1" from "git"
2023-05-18 12:11:04.815 [info] Log level: Info
2023-05-18 12:11:04.815 [info] Validating found git in: "git"
2023-05-18 12:11:04.815 [info] Using git "2.34.1" from "git"
2023-05-18 12:14:07.572 [info] Log level: Info
2023-05-18 12:14:07.572 [info] Validating found git in: "git"
2023-05-18 12:14:07.572 [info] Using git "2.34.1" from "git"
2023-05-18 12:14:07.572 [info] > git rev-parse --show-toplevel [3ms]
2023-05-18 12:14:07.572 [info] fatal: not a git repository (or any parent up to mount point /media/alex)
Stopping at filesystem boundary (GIT_DISCOVERY_ACROSS_FILESYSTEM not set).
2023-05-18 12:14:07.573 [info] > git rev-parse --show-toplevel [5ms]
2023-05-18 12:14:07.573 [info] fatal: not a git repository (or any parent up to mount point /media/alex)
Stopping at filesystem boundary (GIT_DISCOVERY_ACROSS_FILESYSTEM not set).
2023-05-18 12:14:50.698 [info] > git rev-parse --show-toplevel [6ms]
2023-05-18 12:14:50.698 [info] fatal: not a git repository (or any parent up to mount point /media/alex)
Stopping at filesystem boundary (GIT_DISCOVERY_ACROSS_FILESYSTEM not set).
2023-05-18 12:14:59.461 [info] > git rev-parse --show-toplevel [1ms]
2023-05-18 12:14:59.461 [info] fatal: not a git repository (or any parent up to mount point /media/alex)
Stopping at filesystem boundary (GIT_DISCOVERY_ACROSS_FILESYSTEM not set).
2023-05-18 12:15:06.153 [info] > git rev-parse --show-toplevel [2ms]
2023-05-18 12:15:06.153 [info] fatal: not a git repository (or any parent up to mount point /media/alex)
Stopping at filesystem boundary (GIT_DISCOVERY_ACROSS_FILESYSTEM not set).
2023-05-18 12:15:09.973 [info] > git rev-parse --show-toplevel [1ms]
2023-05-18 12:15:09.973 [info] fatal: not a git repository (or any parent up to mount point /media/alex)
Stopping at filesystem boundary (GIT_DISCOVERY_ACROSS_FILESYSTEM not set).
2023-05-18 12:17:21.927 [info] > git rev-parse --show-toplevel [1ms]
2023-05-18 12:17:21.934 [info] fatal: not a git repository (or any parent up to mount point /media/alex)
Stopping at filesystem boundary (GIT_DISCOVERY_ACROSS_FILESYSTEM not set).
